1735838428064	geckodriver	INFO	Listening on 127.0.0.1:58729
1735838431171	mozrunner::runner	INFO	Running command: "C:\\Users\\Vinícius Morais\\.cache\\selenium\\firefox\\win64\\133.0.3\\firefox.exe" "--marionette" "--remot ... "--remote-allow-hosts" "localhost" "-no-remote" "-profile" "C:\\Users\\VINCIU~1\\AppData\\Local\\Temp\\rust_mozprofileRuhvsX"
console.warn: services.settings: Ignoring preference override of remote settings server
console.warn: services.settings: Allow by setting MOZ_REMOTE_SETTINGS_DEVTOOLS=1 in the environment
Dynamically enable window occlusion 0
1735838431605	Marionette	INFO	Marionette enabled
1735838431745	Marionette	INFO	Listening on port 58743
WebDriver BiDi listening on ws://127.0.0.1:58730
Read port: 58743
1735838431889	RemoteAgent	WARN	TLS certificate errors will be ignored for this session
DevTools listening on ws://127.0.0.1:58730/devtools/browser/a71a26a1-2e4f-4de8-8eb9-576302f3e5bc
console.warn: LoginRecipes: "Falling back to a synchronous message for: https://automationpratice.com.br."
console.warn: LoginRecipes: "Falling back to a synchronous message for: https://automationpratice.com.br."
JavaScript error: , line 0: NS_ERROR_NOT_AVAILABLE
console.warn: LoginRecipes: "Falling back to a synchronous message for: https://automationpratice.com.br."
JavaScript error: , line 0: NotFoundError: No such JSProcessActor 'DevToolsProcess'
JavaScript error: , line 0: NotFoundError: No such JSProcessActor 'DevToolsProcess'
JavaScript error: , line 0: NotFoundError: No such JSProcessActor 'DevToolsProcess'
JavaScript warning: https://automationpratice.com.br/assets/js/jquery-3.6.0.min.js, line 2: Script terminated by timeout at:
trigger@https://automationpratice.com.br/assets/js/jquery-3.6.0.min.js:2:70610
simulate@https://automationpratice.com.br/assets/js/jquery-3.6.0.min.js:2:72018
i@https://automationpratice.com.br/assets/js/jquery-3.6.0.min.js:2:72307

JavaScript error: resource://gre/modules/AsyncShutdown.sys.mjs, line 569: NotFoundError: No such JSProcessActor 'DevToolsProcess'
JavaScript error: resource://gre/modules/AsyncShutdown.sys.mjs, line 569: NotFoundError: No such JSProcessActor 'DevToolsProcess'
JavaScript error: resource://gre/modules/AsyncShutdown.sys.mjs, line 569: NotFoundError: No such JSProcessActor 'DevToolsProcess'
1735849244145	Marionette	INFO	Stopped listening on port 58743
Dynamically enable window occlusion 1
console.error: "Error in worker resource://devtools/client/shared/source-map-loader/worker.js" ": "
